app/build/intermediates/manifest_merge_blame_file/debug/manifest-merger-blame-debug-report.txt
1<?xml version="1.0" encoding="utf-8"?>
2<manifest xmlns:android="http://schemas.android.com/apk/res/android"
3    package="com.example.imdb_app2"
4    android:versionCode="1"
5    android:versionName="1.0" >
6
7    <uses-sdk
8        android:minSdkVersion="24"
8-->src/main/AndroidManifest.xml
9        android:targetSdkVersion="30" />
9-->src/main/AndroidManifest.xml
10
11    <uses-permission android:name="android.permission.INTERNET" />
11-->src/main/AndroidManifest.xml:5:5-67
11-->src/main/AndroidManifest.xml:5:22-64
12
13    <application
13-->src/main/AndroidManifest.xml:7:5-27:19
14        android:allowBackup="true"
14-->src/main/AndroidManifest.xml:8:9-35
15        android:appComponentFactory="androidx.core.app.CoreComponentFactory"
15-->[androidx.core:core:1.3.0] AndroidManifest.xml:24:18-86
16        android:debuggable="true"
17        android:extractNativeLibs="false"
18        android:icon="@mipmap/ic_launcher"
18-->src/main/AndroidManifest.xml:9:9-43
19        android:label="@string/app_name"
19-->src/main/AndroidManifest.xml:10:9-41
20        android:roundIcon="@mipmap/ic_launcher_round"
20-->src/main/AndroidManifest.xml:11:9-54
21        android:supportsRtl="true"
21-->src/main/AndroidManifest.xml:12:9-35
22        android:testOnly="true"
23        android:theme="@style/AppTheme" >
23-->src/main/AndroidManifest.xml:13:9-40
24        <activity
24-->src/main/AndroidManifest.xml:14:9-103
25            android:name="com.example.imdb_app2.view.recyclerView"
25-->src/main/AndroidManifest.xml:14:19-52
26            android:screenOrientation="fullSensor" />
26-->src/main/AndroidManifest.xml:14:53-91
27        <activity
27-->src/main/AndroidManifest.xml:15:9-23:20
28            android:name="com.example.imdb_app2.view.MainActivity"
28-->src/main/AndroidManifest.xml:16:13-46
29            android:screenOrientation="fullSensor" >
29-->src/main/AndroidManifest.xml:17:13-51
30            <intent-filter>
30-->src/main/AndroidManifest.xml:18:13-22:29
31                <action android:name="android.intent.action.MAIN" />
31-->src/main/AndroidManifest.xml:19:17-69
31-->src/main/AndroidManifest.xml:19:25-66
32
33                <category android:name="android.intent.category.LAUNCHER" />
33-->src/main/AndroidManifest.xml:21:17-77
33-->src/main/AndroidManifest.xml:21:27-74
34            </intent-filter>
35        </activity>
36        <activity
36-->src/main/AndroidManifest.xml:24:9-26:54
37            android:name="com.example.imdb_app2.view.ListViewClass"
37-->src/main/AndroidManifest.xml:25:13-47
38            android:screenOrientation="fullSensor" />
38-->src/main/AndroidManifest.xml:26:13-51
39    </application>
40
41</manifest>